<?xml version="1.0" encoding="UTF-8"?>
<!-- Generated by org.testng.reporters.JUnitReportReporter -->
<testsuite skipped="0" hostname="LAPTOP-LV0FLO4F" name="test.testsuite1" tests="1" failures="0" timestamp="2020-05-26T22:21:52 EDT" time="28.725" errors="0">
  <testcase name="negativelogin" time="28.725" classname="test.testsuite1"/>
</testsuite> <!-- test.testsuite1 -->
