<?xml version="1.0" encoding="UTF-8"?>
<!-- Generated by org.testng.reporters.JUnitReportReporter -->
<testsuite skipped="0" hostname="LAPTOP-LV0FLO4F" name="test.testsuite1" tests="1" failures="0" timestamp="2020-05-27T16:17:37 EDT" time="6.902" errors="0">
  <testcase name="negativelogin" time="6.902" classname="test.testsuite1"/>
</testsuite> <!-- test.testsuite1 -->
